<?xml version="1.0" encoding="UTF-8"?>
<!-- Generated by org.testng.reporters.JUnitReportReporter -->
<testsuite skipped="0" hostname="PMFLLT8" name="automationframework.ValidateContactUs" tests="1" failures="0" timestamp="11 Sep 2018 20:11:28 GMT" time="12.712" errors="0">
  <testcase name="main" time="12.712" classname="automationframework.ValidateContactUs"/>
</testsuite> <!-- automationframework.ValidateContactUs -->
